Log Inicio
17-08-17 08:41:26pm Connection from 189.92.114.15:42048
17-08-17 08:41:26pm Got : ##,imei:864180031531663,A;
17-08-17 08:41:26pm Sent: LOAD
Comando de start: **,imei:864180031531663,C,5m imei: 864180031531663
17-08-17 08:41:29pm Got : imei:864180031531663,tracker,170818074126,,F,234124.000,A,2526.1550,S,04918.1051,W,0.00,0;
Log Inicio
17-08-17 08:42:15pm Connection from 189.92.114.15:42049
17-08-17 08:42:15pm Got : ##,imei:864180031531663,A;
17-08-17 08:42:15pm Sent: LOAD
Comando de start: **,imei:864180031531663,C,5m imei: 864180031531663
17-08-17 08:42:19pm Got : imei:864180031531663,tracker,170818074217,,F,234217.000,A,2526.1026,S,04918.1078,W,14.83,181.77;
17-08-17 08:43:23pm Got : imei:864180031531663,tracker,170818074300,,F,234258.000,A,2526.1552,S,04918.1086,W,0.00,0;864180031531663;
17-08-17 08:43:24pm Got : imei:864180031531663,tracker,170526112308,,F,032307.000,A,2235.1763,N,11354.4813,E,0.00,0;
17-08-17 08:43:30pm Connection to 189.92.114.15:42048 closed
17-08-17 08:44:12pm Got : 864180031531663;
17-08-17 08:44:12pm Sent: ON
17-08-17 08:45:12pm Got : 864180031531663;
17-08-17 08:45:12pm Sent: ON
17-08-17 08:46:12pm Got : 864180031531663;
17-08-17 08:46:12pm Sent: ON
17-08-17 08:47:12pm Got : 864180031531663;
17-08-17 08:47:12pm Sent: ON
17-08-17 08:47:19pm Got : imei:864180031531663,tracker,170818074717,,F,234713.000,A,2526.1552,S,04918.1086,W,0.00,0;
17-08-17 08:48:03pm Got : imei:864180031531663,tracker,170818074723,,F,234718.000,A,2526.1552,S,04918.1086,W,0.00,0;
17-08-17 08:48:04pm Got : imei:864180031531663,tracker,170818074741,,F,234736.000,A,2526.1552,S,04918.1086,W,0.00,0;
17-08-17 08:48:12pm Got : 864180031531663;
17-08-17 08:48:12pm Sent: ON
17-08-17 08:49:08pm Got : imei:864180031531663,tracker,170818074839,,F,234834.000,A,2526.1552,S,04918.1086,W,0.00,0;
17-08-17 08:49:09pm Got : imei:864180031531663,tracker,170818074858,,F,234853.000,A,2526.1552,S,04918.1086,W,0.00,0;
17-08-17 08:49:12pm Got : 864180031531663;
17-08-17 08:49:12pm Sent: ON
17-08-17 08:49:53pm Got : imei:864180031531663,tracker,170818074920,,F,234915.000,A,2526.1552,S,04918.1086,W,0.00,0;
17-08-17 08:49:54pm Got : imei:864180031531663,tracker,170818074940,,F,234935.000,A,2526.1552,S,04918.1086,W,0.00,0;
17-08-17 08:50:31pm Got : imei:864180031531663,tracker,170818074959,,F,234955.000,A,2526.1552,S,04918.1086,W,0.00,0;
17-08-17 08:50:32pm Got : 864180031531663;imei:864180031531663,tracker,170818075018,,F,235014.000,A,2526.1552,S,04918.1086,W,0.00,0;
17-08-17 08:50:56pm Got : imei:864180031531663,tracker,170818075044,,F,235040.000,A,2526.1552,S,04918.1086,W,0.00,0;
17-08-17 08:52:09pm Got : imei:864180031531663,tracker,170818075110,,F,235106.000,A,2526.1552,S,04918.1086,W,0.00,0;
17-08-17 08:52:10pm Got : 864180031531663;
17-08-17 08:52:10pm Sent: ON
17-08-17 08:52:11pm Connection to 189.92.114.15:42049 closed
Log Inicio
17-08-17 08:52:40pm Connection from 189.92.114.15:42000
17-08-17 08:52:40pm Got : ##,imei:864180031531663,A;
17-08-17 08:52:40pm Sent: LOAD
Comando de start: **,imei:864180031531663,C,5m imei: 864180031531663
17-08-17 08:52:42pm Connection to 189.92.114.15:42000 closed
Log Inicio
17-08-17 08:52:44pm Connection from 189.92.114.15:42001
17-08-17 08:52:44pm Got : ##,imei:864180031531663,A;
17-08-17 08:52:44pm Sent: LOAD
Comando de start: **,imei:864180031531663,C,5m imei: 864180031531663
17-08-17 08:52:48pm Got : imei:864180031531663,tracker,170818075246,,F,235241.000,A,2526.1765,S,04918.1109,W,0.00,0;
17-08-17 08:53:44pm Got : 864180031531663;
17-08-17 08:53:44pm Sent: ON
17-08-17 08:53:45pm Got : imei:864180031531663,tracker,170818075217,,F,235212.000,A,2526.1765,S,04918.1109,W,0.00,0;
17-08-17 08:54:44pm Got : 864180031531663;
17-08-17 08:54:44pm Sent: ON
17-08-17 08:55:44pm Got : 864180031531663;
17-08-17 08:55:44pm Sent: ON
17-08-17 08:56:44pm Got : 864180031531663;
17-08-17 08:56:44pm Sent: ON
17-08-17 08:58:45pm Connection to 189.92.114.15:42001 closed
