Log Inicio
26-08-17 02:03:25pm Connection from 177.79.80.190:65323
26-08-17 02:03:25pm Got : ##,imei:359710048274493,A;
26-08-17 02:03:25pm Sent: LOAD
Comando de start: **,imei:359710048274493,C,5m imei: 359710048274493
26-08-17 02:03:32pm Got : imei:359710048274493,tracker,170826140329,,F,170329.000,A,0809.2017,S,03455.6972,W,0.00,0;
26-08-17 02:04:25pm Got : 359710048274493;
26-08-17 02:04:25pm Sent: ON
26-08-17 02:04:51pm Got : imei:359710048274493,help me,170826140429,,F,170429.000,A,0809.2017,S,03455.6972,W,0.00,0;imei:359710048274493,help me,170826140438,,F,170438.000,A,0809.2017,S,03455.6972,W,0.00,0;
26-08-17 02:04:54pm Got : imei:359710048274493,et,170826140454,,F,170454.000,A,0809.2017,S,03455.6972,W,0.00,0;
26-08-17 02:04:57pm Got : imei:359710048274493,et,170826140457,,F,170457.000,A,0809.2017,S,03455.6972,W,0.00,0;
26-08-17 02:05:02pm Got : imei:359710048274493,et,170826140502,,F,170502.000,A,0809.2017,S,03455.6972,W,0.00,0;
26-08-17 02:05:05pm Got : imei:359710048274493,et,170826140505,,F,170505.000,A,0809.2017,S,03455.6972,W,0.00,0;
26-08-17 02:05:08pm Got : imei:359710048274493,et,170826140508,,F,170508.000,A,0809.2017,S,03455.6972,W,0.00,0;
26-08-17 02:05:11pm Got : imei:359710048274493,et,170826140511,,F,170511.000,A,0809.2017,S,03455.6972,W,0.00,0;
26-08-17 02:05:14pm Got : imei:359710048274493,et,170826140514,,F,170514.000,A,0809.2017,S,03455.6972,W,0.00,0;
26-08-17 02:05:17pm Got : imei:359710048274493,et,170826140517,,F,170517.000,A,0809.2017,S,03455.6972,W,0.00,0;
26-08-17 02:05:20pm Got : imei:359710048274493,et,170826140520,,F,170520.000,A,0809.2017,S,03455.6972,W,0.00,0;
26-08-17 02:05:23pm Got : imei:359710048274493,et,170826140523,,F,170523.000,A,0809.2017,S,03455.6972,W,0.00,0;
26-08-17 02:07:24pm Connection to 177.79.80.190:65323 closed
Log Inicio
26-08-17 02:07:26pm Connection from 177.79.80.190:65320
26-08-17 02:07:26pm Got : ##,imei:359710048274493,A;
26-08-17 02:07:26pm Sent: LOAD
Comando de start: **,imei:359710048274493,C,5m imei: 359710048274493
26-08-17 02:07:30pm Got : imei:359710048274493,tracker,170826140729,,F,170729.000,A,0809.2017,S,03455.6972,W,0.00,0;
26-08-17 02:08:26pm Got : 359710048274493;
26-08-17 02:08:26pm Sent: ON
26-08-17 02:09:26pm Got : 359710048274493;
26-08-17 02:09:26pm Sent: ON
26-08-17 02:10:40pm Got : 359710048274493;
26-08-17 02:10:40pm Sent: ON
26-08-17 02:11:26pm Got : 359710048274493;
26-08-17 02:11:26pm Sent: ON
26-08-17 02:12:26pm Got : 359710048274493;
26-08-17 02:12:26pm Sent: ON
26-08-17 02:12:30pm Got : imei:359710048274493,tracker,170826141229,,F,171227.000,A,0809.2115,S,03455.6957,W,0.00,0;
26-08-17 02:13:26pm Got : 359710048274493;
26-08-17 02:13:26pm Sent: ON
26-08-17 02:14:43pm Got : 359710048274493;
26-08-17 02:14:43pm Sent: ON
26-08-17 02:15:26pm Got : 359710048274493;
26-08-17 02:15:26pm Sent: ON
26-08-17 02:16:26pm Got : 359710048274493;
26-08-17 02:16:26pm Sent: ON
26-08-17 02:17:26pm Got : 359710048274493;
26-08-17 02:17:26pm Sent: ON
26-08-17 02:17:32pm Got : imei:359710048274493,tracker,170826141729,,F,171725.000,A,0809.2115,S,03455.6957,W,0.00,0;
26-08-17 02:18:26pm Got : 359710048274493;
26-08-17 02:18:26pm Sent: ON
26-08-17 02:19:26pm Got : 359710048274493;
26-08-17 02:19:26pm Sent: ON
26-08-17 02:20:26pm Got : 359710048274493;
26-08-17 02:20:26pm Sent: ON
26-08-17 02:21:26pm Got : 359710048274493;
26-08-17 02:21:26pm Sent: ON
26-08-17 02:22:26pm Got : 359710048274493;
26-08-17 02:22:26pm Sent: ON
26-08-17 02:22:31pm Got : imei:359710048274493,tracker,170826142229,,F,172227.000,A,0809.2115,S,03455.6957,W,0.00,0;
26-08-17 02:23:26pm Got : 359710048274493;
26-08-17 02:23:26pm Sent: ON
26-08-17 02:24:27pm Got : 359710048274493;
26-08-17 02:24:27pm Sent: ON
26-08-17 02:25:27pm Got : 359710048274493;
26-08-17 02:25:27pm Sent: ON
26-08-17 02:26:27pm Got : 359710048274493;
26-08-17 02:26:27pm Sent: ON
26-08-17 02:27:27pm Got : 359710048274493;
26-08-17 02:27:27pm Sent: ON
26-08-17 02:27:34pm Got : imei:359710048274493,tracker,170826142729,,F,172726.000,A,0809.2115,S,03455.6957,W,0.00,0;
26-08-17 02:28:27pm Got : 359710048274493;
26-08-17 02:28:27pm Sent: ON
26-08-17 02:29:27pm Got : 359710048274493;
26-08-17 02:29:27pm Sent: ON
26-08-17 02:30:27pm Got : 359710048274493;
26-08-17 02:30:27pm Sent: ON
26-08-17 02:31:27pm Got : 359710048274493;
26-08-17 02:31:27pm Sent: ON
26-08-17 02:32:27pm Got : 359710048274493;
26-08-17 02:32:27pm Sent: ON
26-08-17 02:32:31pm Got : imei:359710048274493,tracker,170826143229,,F,173227.000,A,0809.2115,S,03455.6957,W,0.00,0;
26-08-17 02:33:18pm Got : imei:359710048274493,acc on,170826143317,,F,173314.000,A,0809.2115,S,03455.6957,W,0.00,0;
26-08-17 02:33:21pm Got : imei:359710048274493,et,170826143320,,F,173317.000,A,0809.2115,S,03455.6957,W,0.00,0;
26-08-17 02:33:26pm Got : imei:359710048274493,et,170826143324,,F,173321.000,A,0809.2115,S,03455.6957,W,0.00,0;
26-08-17 02:33:27pm Got : 359710048274493;
26-08-17 02:33:27pm Sent: ON
26-08-17 02:33:29pm Got : imei:359710048274493,et,170826143328,,F,173325.000,A,0809.2115,S,03455.6957,W,0.00,0;
26-08-17 02:33:32pm Got : imei:359710048274493,et,170826143331,,F,173328.000,A,0809.2115,S,03455.6957,W,0.00,0;
26-08-17 02:33:35pm Got : imei:359710048274493,et,170826143334,,F,173331.000,A,0809.2115,S,03455.6957,W,0.00,0;
26-08-17 02:33:38pm Got : imei:359710048274493,et,170826143337,,F,173334.000,A,0809.2115,S,03455.6957,W,0.00,0;
26-08-17 02:33:41pm Got : imei:359710048274493,et,170826143340,,F,173337.000,A,0809.2115,S,03455.6957,W,0.00,0;
26-08-17 02:33:45pm Got : imei:359710048274493,et,170826143344,,F,173341.000,A,0809.2115,S,03455.6957,W,0.00,0;
26-08-17 02:33:48pm Got : imei:359710048274493,et,170826143347,,F,173344.000,A,0809.2115,S,03455.6957,W,0.00,0;
26-08-17 02:33:52pm Got : imei:359710048274493,et,170826143351,,F,173348.000,A,0809.2115,S,03455.6957,W,0.00,0;
26-08-17 02:33:56pm Got : imei:359710048274493,et,170826143355,,F,173352.000,A,0809.2115,S,03455.6957,W,0.00,0;
26-08-17 02:33:59pm Got : imei:359710048274493,et,170826143358,,F,173355.000,A,0809.2115,S,03455.6957,W,0.00,0;
26-08-17 02:34:05pm Got : imei:359710048274493,et,170826143404,,F,173401.000,A,0809.2115,S,03455.6957,W,0.00,0;
26-08-17 02:34:27pm Got : imei:359710048274493,help me,170826143405,,F,173402.000,A,0809.2115,S,03455.6957,W,0.00,0;
26-08-17 02:34:28pm Got : imei:359710048274493,help me,170826143422,,F,173419.000,A,0809.2115,S,03455.6957,W,0.00,0;359710048274493;imei:359710048274493,et,170826143427,,F,173424.000,A,0809.2115,S,03455.6957,W,0.00,0;
26-08-17 02:34:30pm Got : imei:359710048274493,et,170826143429,,F,173426.000,A,0809.2115,S,03455.6957,W,0.00,0;
26-08-17 02:34:35pm Got : imei:359710048274493,et,170826143431,,F,173428.000,A,0809.2115,S,03455.6957,W,0.00,0;
26-08-17 02:36:36pm Connection to 177.79.80.190:65320 closed
Log Inicio
26-08-17 02:36:50pm Connection from 177.79.38.212:24060
26-08-17 02:36:50pm Got : ##,imei:359710048274493,A;
26-08-17 02:36:50pm Sent: LOAD
Comando de start: **,imei:359710048274493,C,5m imei: 359710048274493
26-08-17 02:36:58pm Got : imei:359710048274493,tracker,170826143654,,F,173651.000,A,0809.2262,S,03455.7005,W,0.00,0;
26-08-17 02:37:50pm Got : 359710048274493;
26-08-17 02:37:50pm Sent: ON
26-08-17 02:38:42pm Got : imei:359710048274493,acc off,170826143842,,F,173839.000,A,0809.2262,S,03455.7005,W,0.00,0;
26-08-17 02:38:46pm Got : imei:359710048274493,acc off,170826143845,,F,173843.000,A,0809.2262,S,03455.7005,W,0.00,0;
26-08-17 02:38:48pm Got : imei:359710048274493,acc on,170826143848,,F,173845.000,A,0809.2262,S,03455.7005,W,0.00,0;
26-08-17 02:40:49pm Connection to 177.79.38.212:24060 closed
