Log Inicio
04-09-17 10:32:03pm Connection from 177.79.25.141:9914
04-09-17 10:32:03pm Got : ##,imei:359710046027976,A;
04-09-17 10:32:03pm Sent: LOAD
Comando de start: **,imei:359710046027976,C,5m imei: 359710046027976
04-09-17 10:32:07pm Got : imei:359710046027976,tracker,170904223204,,F,013206.000,A,2242.2903,S,04739.7739,W,0.00,0;
04-09-17 10:32:12pm Got : imei:359710046027976,tracker,170904223209,,F,013211.000,A,2242.2903,S,04739.7739,W,0.00,0;
04-09-17 10:32:17pm Got : imei:359710046027976,tracker,170904223214,,F,013215.000,A,2242.2903,S,04739.7739,W,0.00,0;
Log Inicio
04-09-17 10:32:37pm Connection from 179.94.145.104:53998
04-09-17 10:32:37pm Got : ##,imei:359710046027976,A;
04-09-17 10:32:37pm Sent: LOAD
Comando de start: **,imei:359710046027976,C,5m imei: 359710046027976
04-09-17 10:32:41pm Got : imei:359710046027976,tracker,170904223240,,F,013240.000,A,2242.2758,S,04739.7643,W,0.00,0;
04-09-17 10:32:46pm Got : imei:359710046027976,tracker,170904223245,,F,013245.000,A,2242.2758,S,04739.7643,W,0.00,0;
04-09-17 10:32:51pm Got : imei:359710046027976,tracker,170904223250,,F,013251.000,A,2242.2758,S,04739.7643,W,0.00,0;
04-09-17 10:32:56pm Got : imei:359710046027976,tracker,170904223255,,F,013256.000,A,2242.2758,S,04739.7643,W,0.00,0;
04-09-17 10:33:01pm Got : imei:359710046027976,tracker,170904223300,,F,013301.000,A,2242.2758,S,04739.7643,W,0.00,0;
04-09-17 10:33:06pm Got : imei:359710046027976,tracker,170904223305,,F,013305.000,A,2242.2758,S,04739.7643,W,0.00,0;
04-09-17 10:33:12pm Got : imei:359710046027976,tracker,170904223310,,F,013311.000,A,2242.2758,S,04739.7643,W,0.00,0;
04-09-17 10:33:17pm Got : imei:359710046027976,tracker,170904223315,,F,013316.000,A,2242.2758,S,04739.7643,W,0.00,0;
04-09-17 10:33:22pm Got : imei:359710046027976,tracker,170904223320,,F,013320.000,A,2242.2758,S,04739.7643,W,0.00,0;
04-09-17 10:33:27pm Got : imei:359710046027976,tracker,170904223325,,F,013325.000,A,2242.2758,S,04739.7643,W,0.00,0;
04-09-17 10:33:32pm Got : imei:359710046027976,tracker,170904223330,,F,013331.000,A,2242.2758,S,04739.7643,W,0.00,0;
04-09-17 10:33:37pm Got : imei:359710046027976,tracker,170904223335,,F,013336.000,A,2242.2758,S,04739.7643,W,0.00,0;
04-09-17 10:33:42pm Got : imei:359710046027976,tracker,170904223340,,F,013341.000,A,2242.2758,S,04739.7643,W,0.00,0;
04-09-17 10:33:47pm Got : imei:359710046027976,tracker,170904223345,,F,013345.000,A,2242.2758,S,04739.7643,W,0.00,0;
04-09-17 10:33:52pm Got : imei:359710046027976,tracker,170904223350,,F,013351.000,A,2242.2758,S,04739.7643,W,0.00,0;
04-09-17 10:33:57pm Got : imei:359710046027976,tracker,170904223355,,F,013356.000,A,2242.2758,S,04739.7643,W,0.00,0;
04-09-17 10:34:02pm Got : imei:359710046027976,tracker,170904223400,,F,013401.000,A,2242.2758,S,04739.7643,W,0.00,0;
04-09-17 10:34:17pm Got : imei:359710046027976,tracker,170904223405,,F,013405.000,A,2242.2758,S,04739.7643,W,0.00,0;359710046027976;imei:359710046027976,tracker,170904223410,,F,013411.000,A,2242.2758,S,04739.7643,W,0.00,0;
04-09-17 10:34:18pm Connection to 177.79.25.141:9914 closed
04-09-17 10:34:19pm Got : imei:359710046027976,tracker,170904223415,,F,013416.000,A,2242.2758,S,04739.7643,W,0.00,0;
04-09-17 10:34:22pm Got : imei:359710046027976,tracker,170904223420,,F,013421.000,A,2242.2758,S,04739.7643,W,0.00,0;
04-09-17 10:34:27pm Got : imei:359710046027976,tracker,170904223425,,F,013425.000,A,2242.2758,S,04739.7643,W,0.00,0;
04-09-17 10:34:32pm Got : imei:359710046027976,tracker,170904223430,,F,013431.000,A,2242.2758,S,04739.7643,W,0.00,0;
04-09-17 10:34:37pm Got : imei:359710046027976,tracker,170904223435,,F,013436.000,A,2242.2758,S,04739.7643,W,0.00,0;
04-09-17 10:34:42pm Got : imei:359710046027976,tracker,170904223440,,F,013441.000,A,2242.2758,S,04739.7643,W,0.00,0;
04-09-17 10:34:47pm Got : imei:359710046027976,tracker,170904223445,,F,013445.000,A,2242.2758,S,04739.7643,W,0.00,0;
04-09-17 10:34:52pm Got : imei:359710046027976,tracker,170904223450,,F,013451.000,A,2242.2758,S,04739.7643,W,0.00,0;
04-09-17 10:34:57pm Got : imei:359710046027976,tracker,170904223455,,F,013456.000,A,2242.2758,S,04739.7643,W,0.00,0;
04-09-17 10:35:02pm Got : imei:359710046027976,tracker,170904223500,,F,013501.000,A,2242.2758,S,04739.7643,W,0.00,0;
04-09-17 10:35:07pm Got : imei:359710046027976,tracker,170904223505,,F,013506.000,A,2242.2758,S,04739.7643,W,0.00,0;
04-09-17 10:35:12pm Got : imei:359710046027976,tracker,170904223510,,F,013511.000,A,2242.2758,S,04739.7643,W,0.00,0;
04-09-17 10:35:17pm Got : imei:359710046027976,tracker,170904223515,,F,013516.000,A,2242.2758,S,04739.7643,W,0.00,0;
04-09-17 10:35:22pm Got : imei:359710046027976,tracker,170904223520,,F,013521.000,A,2242.2758,S,04739.7643,W,0.00,0;
04-09-17 10:35:27pm Got : imei:359710046027976,tracker,170904223525,,F,013526.000,A,2242.2758,S,04739.7643,W,0.00,0;
04-09-17 10:35:32pm Got : imei:359710046027976,tracker,170904223530,,F,013531.000,A,2242.2758,S,04739.7643,W,0.00,0;
04-09-17 10:35:37pm Got : imei:359710046027976,tracker,170904223535,,F,013536.000,A,2242.2758,S,04739.7643,W,0.00,0;
04-09-17 10:35:38pm Got : 359710046027976;
04-09-17 10:35:38pm Sent: ON
04-09-17 10:35:42pm Got : imei:359710046027976,tracker,170904223540,,F,013541.000,A,2242.2758,S,04739.7643,W,0.00,0;
04-09-17 10:35:47pm Got : imei:359710046027976,tracker,170904223545,,F,013546.000,A,2242.2758,S,04739.7643,W,0.00,0;
04-09-17 10:35:52pm Got : imei:359710046027976,tracker,170904223550,,F,013551.000,A,2242.2758,S,04739.7643,W,0.00,0;
04-09-17 10:35:57pm Got : imei:359710046027976,tracker,170904223555,,F,013556.000,A,2242.2758,S,04739.7643,W,0.00,0;
04-09-17 10:36:02pm Got : imei:359710046027976,tracker,170904223600,,F,013601.000,A,2242.2758,S,04739.7643,W,0.00,0;
04-09-17 10:36:07pm Got : imei:359710046027976,tracker,170904223605,,F,013606.000,A,2242.2758,S,04739.7643,W,0.00,0;
04-09-17 10:36:12pm Got : imei:359710046027976,tracker,170904223610,,F,013611.000,A,2242.2758,S,04739.7643,W,0.00,0;
04-09-17 10:36:17pm Got : imei:359710046027976,tracker,170904223615,,F,013616.000,A,2242.2758,S,04739.7643,W,0.00,0;
04-09-17 10:36:22pm Got : imei:359710046027976,tracker,170904223620,,F,013621.000,A,2242.2758,S,04739.7643,W,0.00,0;
04-09-17 10:36:27pm Got : imei:359710046027976,tracker,170904223625,,F,013626.000,A,2242.2758,S,04739.7643,W,0.00,0;
04-09-17 10:36:32pm Got : imei:359710046027976,tracker,170904223630,,F,013631.000,A,2242.2758,S,04739.7643,W,0.00,0;
04-09-17 10:36:37pm Got : imei:359710046027976,tracker,170904223635,,F,013636.000,A,2242.2758,S,04739.7643,W,0.00,0;
04-09-17 10:36:42pm Got : imei:359710046027976,tracker,170904223640,,F,013641.000,A,2242.2758,S,04739.7643,W,0.00,0;
04-09-17 10:36:47pm Got : imei:359710046027976,tracker,170904223645,,F,013646.000,A,2242.2758,S,04739.7643,W,0.00,0;
04-09-17 10:36:52pm Got : imei:359710046027976,tracker,170904223650,,F,013651.000,A,2242.2758,S,04739.7643,W,0.00,0;
04-09-17 10:36:57pm Got : imei:359710046027976,tracker,170904223655,,F,013656.000,A,2242.2758,S,04739.7643,W,0.00,0;
04-09-17 10:37:02pm Got : imei:359710046027976,tracker,170904223700,,F,013701.000,A,2242.2758,S,04739.7643,W,0.00,0;
04-09-17 10:37:07pm Got : imei:359710046027976,tracker,170904223705,,F,013706.000,A,2242.2758,S,04739.7643,W,0.00,0;359710046027976;
04-09-17 10:37:12pm Got : imei:359710046027976,tracker,170904223710,,F,013711.000,A,2242.2758,S,04739.7643,W,0.00,0;
04-09-17 10:37:17pm Got : imei:359710046027976,tracker,170904223715,,F,013716.000,A,2242.2758,S,04739.7643,W,0.00,0;
04-09-17 10:37:22pm Got : imei:359710046027976,tracker,170904223720,,F,013721.000,A,2242.2758,S,04739.7643,W,0.00,0;
04-09-17 10:37:27pm Got : imei:359710046027976,tracker,170904223725,,F,013726.000,A,2242.2758,S,04739.7643,W,0.00,0;
04-09-17 10:37:32pm Got : imei:359710046027976,tracker,170904223730,,F,013731.000,A,2242.2758,S,04739.7643,W,0.00,0;
04-09-17 10:37:37pm Got : imei:359710046027976,tracker,170904223735,,F,013736.000,A,2242.2758,S,04739.7643,W,0.00,0;
04-09-17 10:37:42pm Got : imei:359710046027976,tracker,170904223740,,F,013741.000,A,2242.2758,S,04739.7643,W,0.00,0;
04-09-17 10:37:47pm Got : imei:359710046027976,tracker,170904223745,,F,013746.000,A,2242.2758,S,04739.7643,W,0.00,0;
04-09-17 10:37:52pm Got : imei:359710046027976,tracker,170904223750,,F,013751.000,A,2242.2758,S,04739.7643,W,0.00,0;
04-09-17 10:37:57pm Got : imei:359710046027976,tracker,170904223755,,F,013756.000,A,2242.2758,S,04739.7643,W,0.00,0;
04-09-17 10:38:02pm Got : imei:359710046027976,tracker,170904223800,,F,013801.000,A,2242.2758,S,04739.7643,W,0.00,0;
04-09-17 10:38:07pm Got : imei:359710046027976,tracker,170904223805,,F,013806.000,A,2242.2758,S,04739.7643,W,0.00,0;
04-09-17 10:38:12pm Got : imei:359710046027976,tracker,170904223810,,F,013811.000,A,2242.2758,S,04739.7643,W,0.00,0;
04-09-17 10:38:17pm Got : imei:359710046027976,tracker,170904223815,,F,013816.000,A,2242.2758,S,04739.7643,W,0.00,0;
04-09-17 10:38:22pm Got : imei:359710046027976,tracker,170904223820,,F,013821.000,A,2242.2758,S,04739.7643,W,0.00,0;
04-09-17 10:38:27pm Got : imei:359710046027976,tracker,170904223825,,F,013826.000,A,2242.2758,S,04739.7643,W,0.00,0;
04-09-17 10:38:32pm Got : imei:359710046027976,tracker,170904223830,,F,013831.000,A,2242.2758,S,04739.7643,W,0.00,0;
04-09-17 10:38:38pm Got : imei:359710046027976,tracker,170904223835,,F,013836.000,A,2242.2758,S,04739.7643,W,0.00,0;
04-09-17 10:38:39pm Got : 359710046027976;
04-09-17 10:38:39pm Sent: ON
04-09-17 10:38:41pm Got : imei:359710046027976,tracker,170904223840,,F,013841.000,A,2242.2758,S,04739.7643,W,0.00,0;
04-09-17 10:38:47pm Got : imei:359710046027976,tracker,170904223845,,F,013846.000,A,2242.2758,S,04739.7643,W,0.00,0;
04-09-17 10:38:52pm Got : imei:359710046027976,tracker,170904223850,,F,013851.000,A,2242.2758,S,04739.7643,W,0.00,0;
04-09-17 10:38:57pm Got : imei:359710046027976,tracker,170904223855,,F,013856.000,A,2242.2758,S,04739.7643,W,0.00,0;
04-09-17 10:39:02pm Got : imei:359710046027976,tracker,170904223900,,F,013901.000,A,2242.2758,S,04739.7643,W,0.00,0;
04-09-17 10:39:07pm Got : imei:359710046027976,tracker,170904223905,,F,013906.000,A,2242.2758,S,04739.7643,W,0.00,0;
04-09-17 10:39:12pm Got : imei:359710046027976,tracker,170904223910,,F,013911.000,A,2242.2758,S,04739.7643,W,0.00,0;
04-09-17 10:39:17pm Got : imei:359710046027976,tracker,170904223915,,F,013916.000,A,2242.2758,S,04739.7643,W,0.00,0;
04-09-17 10:39:22pm Got : imei:359710046027976,tracker,170904223920,,F,013921.000,A,2242.2758,S,04739.7643,W,0.00,0;
04-09-17 10:39:27pm Got : imei:359710046027976,tracker,170904223925,,F,013926.000,A,2242.2758,S,04739.7643,W,0.00,0;
04-09-17 10:39:32pm Got : imei:359710046027976,tracker,170904223930,,F,013931.000,A,2242.2758,S,04739.7643,W,0.00,0;
04-09-17 10:39:37pm Got : imei:359710046027976,tracker,170904223935,,F,013936.000,A,2242.2758,S,04739.7643,W,0.00,0;
04-09-17 10:39:42pm Got : imei:359710046027976,tracker,170904223940,,F,013941.000,A,2242.2758,S,04739.7643,W,0.00,0;
04-09-17 10:39:47pm Got : imei:359710046027976,tracker,170904223945,,F,013946.000,A,2242.2758,S,04739.7643,W,0.00,0;
04-09-17 10:39:52pm Got : imei:359710046027976,tracker,170904223950,,F,013951.000,A,2242.2758,S,04739.7643,W,0.00,0;
04-09-17 10:39:57pm Got : imei:359710046027976,tracker,170904223955,,F,013956.000,A,2242.2758,S,04739.7643,W,0.00,0;
04-09-17 10:40:02pm Got : imei:359710046027976,tracker,170904224000,,F,014001.000,A,2242.2758,S,04739.7643,W,0.00,0;
04-09-17 10:40:07pm Got : imei:359710046027976,tracker,170904224005,,F,014006.000,A,2242.2758,S,04739.7643,W,0.00,0;
04-09-17 10:40:08pm Got : 359710046027976;
04-09-17 10:40:08pm Sent: ON
04-09-17 10:40:14pm Got : imei:359710046027976,tracker,170904224010,,F,014011.000,A,2242.2758,S,04739.7643,W,0.00,0;
04-09-17 10:40:17pm Got : imei:359710046027976,tracker,170904224015,,F,014016.000,A,2242.2758,S,04739.7643,W,0.00,0;
04-09-17 10:40:22pm Got : imei:359710046027976,tracker,170904224020,,F,014021.000,A,2242.2758,S,04739.7643,W,0.00,0;
04-09-17 10:40:27pm Got : imei:359710046027976,tracker,170904224025,,F,014026.000,A,2242.2758,S,04739.7643,W,0.00,0;
04-09-17 10:40:32pm Got : imei:359710046027976,tracker,170904224030,,F,014031.000,A,2242.2758,S,04739.7643,W,0.00,0;
04-09-17 10:40:37pm Got : imei:359710046027976,tracker,170904224035,,F,014036.000,A,2242.2758,S,04739.7643,W,0.00,0;
04-09-17 10:40:42pm Got : imei:359710046027976,tracker,170904224040,,F,014041.000,A,2242.2758,S,04739.7643,W,0.00,0;
04-09-17 10:40:50pm Got : imei:359710046027976,tracker,170904224045,,F,014046.000,A,2242.2758,S,04739.7643,W,0.00,0;
04-09-17 10:40:52pm Got : imei:359710046027976,tracker,170904224050,,F,014051.000,A,2242.2758,S,04739.7643,W,0.00,0;
04-09-17 10:40:57pm Got : imei:359710046027976,tracker,170904224055,,F,014056.000,A,2242.2758,S,04739.7643,W,0.00,0;
04-09-17 10:41:02pm Got : imei:359710046027976,tracker,170904224100,,F,014101.000,A,2242.2758,S,04739.7643,W,0.00,0;
04-09-17 10:41:07pm Got : imei:359710046027976,tracker,170904224105,,F,014106.000,A,2242.2758,S,04739.7643,W,0.00,0;
04-09-17 10:41:12pm Got : imei:359710046027976,tracker,170904224110,,F,014111.000,A,2242.2758,S,04739.7643,W,0.00,0;
04-09-17 10:41:17pm Got : imei:359710046027976,tracker,170904224115,,F,014116.000,A,2242.2758,S,04739.7643,W,0.00,0;
04-09-17 10:41:22pm Got : imei:359710046027976,tracker,170904224120,,F,014121.000,A,2242.2758,S,04739.7643,W,0.00,0;
04-09-17 10:41:27pm Got : imei:359710046027976,tracker,170904224125,,F,014126.000,A,2242.2758,S,04739.7643,W,0.00,0;
04-09-17 10:41:32pm Got : imei:359710046027976,tracker,170904224130,,F,014131.000,A,2242.2758,S,04739.7643,W,0.00,0;
04-09-17 10:41:37pm Got : imei:359710046027976,tracker,170904224135,,F,014136.000,A,2242.2758,S,04739.7643,W,0.00,0;
04-09-17 10:41:38pm Got : 359710046027976;
04-09-17 10:41:38pm Sent: ON
04-09-17 10:41:43pm Got : imei:359710046027976,tracker,170904224140,,F,014141.000,A,2242.2758,S,04739.7643,W,0.00,0;
04-09-17 10:41:47pm Got : imei:359710046027976,tracker,170904224145,,F,014146.000,A,2242.2758,S,04739.7643,W,0.00,0;
04-09-17 10:41:52pm Got : imei:359710046027976,tracker,170904224150,,F,014151.000,A,2242.2758,S,04739.7643,W,0.00,0;
04-09-17 10:41:57pm Got : imei:359710046027976,tracker,170904224155,,F,014156.000,A,2242.2758,S,04739.7643,W,0.00,0;
04-09-17 10:42:02pm Got : imei:359710046027976,tracker,170904224200,,F,014201.000,A,2242.2758,S,04739.7643,W,0.00,0;
04-09-17 10:42:07pm Got : imei:359710046027976,tracker,170904224205,,F,014206.000,A,2242.2758,S,04739.7643,W,0.00,0;
04-09-17 10:42:12pm Got : imei:359710046027976,tracker,170904224210,,F,014211.000,A,2242.2758,S,04739.7643,W,0.00,0;
04-09-17 10:42:17pm Got : imei:359710046027976,tracker,170904224215,,F,014216.000,A,2242.2758,S,04739.7643,W,0.00,0;
04-09-17 10:42:22pm Got : imei:359710046027976,tracker,170904224220,,F,014221.000,A,2242.2758,S,04739.7643,W,0.00,0;
04-09-17 10:42:27pm Got : imei:359710046027976,tracker,170904224225,,F,014226.000,A,2242.2758,S,04739.7643,W,0.00,0;
04-09-17 10:42:32pm Got : imei:359710046027976,tracker,170904224230,,F,014231.000,A,2242.2758,S,04739.7643,W,0.00,0;
04-09-17 10:42:37pm Got : imei:359710046027976,tracker,170904224235,,F,014236.000,A,2242.2758,S,04739.7643,W,0.00,0;
04-09-17 10:42:42pm Got : imei:359710046027976,tracker,170904224240,,F,014241.000,A,2242.2758,S,04739.7643,W,0.00,0;
04-09-17 10:42:47pm Got : imei:359710046027976,tracker,170904224245,,F,014246.000,A,2242.2758,S,04739.7643,W,0.00,0;
04-09-17 10:42:52pm Got : imei:359710046027976,tracker,170904224250,,F,014251.000,A,2242.2758,S,04739.7643,W,0.00,0;
04-09-17 10:42:57pm Got : imei:359710046027976,tracker,170904224255,,F,014256.000,A,2242.2758,S,04739.7643,W,0.00,0;
04-09-17 10:43:02pm Got : imei:359710046027976,tracker,170904224300,,F,014301.000,A,2242.2758,S,04739.7643,W,0.00,0;
04-09-17 10:43:07pm Got : imei:359710046027976,tracker,170904224305,,F,014306.000,A,2242.2758,S,04739.7643,W,0.00,0;359710046027976;
04-09-17 10:43:12pm Got : imei:359710046027976,tracker,170904224310,,F,014311.000,A,2242.2758,S,04739.7643,W,0.00,0;
04-09-17 10:43:17pm Got : imei:359710046027976,tracker,170904224315,,F,014316.000,A,2242.2758,S,04739.7643,W,0.00,0;
04-09-17 10:43:22pm Got : imei:359710046027976,tracker,170904224320,,F,014321.000,A,2242.2758,S,04739.7643,W,0.00,0;
04-09-17 10:43:27pm Got : imei:359710046027976,tracker,170904224325,,F,014326.000,A,2242.2758,S,04739.7643,W,0.00,0;
04-09-17 10:43:32pm Got : imei:359710046027976,tracker,170904224330,,F,014331.000,A,2242.2758,S,04739.7643,W,0.00,0;
04-09-17 10:43:37pm Got : imei:359710046027976,tracker,170904224335,,F,014336.000,A,2242.2758,S,04739.7643,W,0.00,0;
04-09-17 10:43:42pm Got : imei:359710046027976,tracker,170904224340,,F,014338.000,A,2242.2758,S,04739.7643,W,0.00,0;
04-09-17 10:43:47pm Got : imei:359710046027976,tracker,170904224345,,F,014343.000,A,2242.2758,S,04739.7643,W,0.00,0;
04-09-17 10:43:52pm Got : imei:359710046027976,tracker,170904224350,,F,014348.000,A,2242.2758,S,04739.7643,W,0.00,0;
04-09-17 10:43:57pm Got : imei:359710046027976,tracker,170904224355,,F,014353.000,A,2242.2758,S,04739.7643,W,0.00,0;
04-09-17 10:44:02pm Got : imei:359710046027976,tracker,170904224400,,F,014358.000,A,2242.2758,S,04739.7643,W,0.00,0;
04-09-17 10:44:07pm Got : imei:359710046027976,tracker,170904224405,,F,014403.000,A,2242.2758,S,04739.7643,W,0.00,0;
04-09-17 10:44:12pm Got : imei:359710046027976,tracker,170904224410,,F,014408.000,A,2242.2758,S,04739.7643,W,0.00,0;
04-09-17 10:44:17pm Got : imei:359710046027976,tracker,170904224415,,F,014413.000,A,2242.2758,S,04739.7643,W,0.00,0;
04-09-17 10:44:22pm Got : imei:359710046027976,tracker,170904224420,,F,014418.000,A,2242.2758,S,04739.7643,W,0.00,0;
04-09-17 10:44:27pm Got : imei:359710046027976,tracker,170904224425,,F,014423.000,A,2242.2758,S,04739.7643,W,0.00,0;
04-09-17 10:44:32pm Got : imei:359710046027976,tracker,170904224430,,F,014428.000,A,2242.2758,S,04739.7643,W,0.00,0;
04-09-17 10:44:37pm Got : imei:359710046027976,tracker,170904224435,,F,014433.000,A,2242.2758,S,04739.7643,W,0.00,0;
04-09-17 10:44:38pm Got : 359710046027976;
04-09-17 10:44:38pm Sent: ON
04-09-17 10:44:42pm Got : imei:359710046027976,tracker,170904224440,,F,014438.000,A,2242.2758,S,04739.7643,W,0.00,0;
04-09-17 10:44:47pm Got : imei:359710046027976,tracker,170904224445,,F,014443.000,A,2242.2758,S,04739.7643,W,0.00,0;
04-09-17 10:44:52pm Got : imei:359710046027976,tracker,170904224450,,F,014449.000,A,2242.2758,S,04739.7643,W,0.00,0;
04-09-17 10:44:57pm Got : imei:359710046027976,tracker,170904224455,,F,014453.000,A,2242.2758,S,04739.7643,W,0.00,0;
04-09-17 10:45:02pm Got : imei:359710046027976,tracker,170904224500,,F,014458.000,A,2242.2758,S,04739.7643,W,0.00,0;
04-09-17 10:45:11pm Got : imei:359710046027976,tracker,170904224505,,F,014503.000,A,2242.2758,S,04739.7643,W,0.00,0;
04-09-17 10:45:12pm Got : imei:359710046027976,tracker,170904224510,,F,014509.000,A,2242.2758,S,04739.7643,W,0.00,0;
04-09-17 10:45:18pm Got : imei:359710046027976,tracker,170904224515,,F,014513.000,A,2242.2758,S,04739.7643,W,0.00,0;
04-09-17 10:45:22pm Got : imei:359710046027976,tracker,170904224520,,F,014518.000,A,2242.2758,S,04739.7643,W,0.00,0;
04-09-17 10:45:28pm Got : imei:359710046027976,tracker,170904224525,,F,014523.000,A,2242.2758,S,04739.7643,W,0.00,0;
04-09-17 10:45:32pm Got : imei:359710046027976,tracker,170904224531,,F,014529.000,A,2242.2758,S,04739.7643,W,0.00,0;
04-09-17 10:45:37pm Got : imei:359710046027976,tracker,170904224536,,F,014533.000,A,2242.2758,S,04739.7643,W,0.00,0;
04-09-17 10:45:42pm Got : imei:359710046027976,tracker,170904224541,,F,014538.000,A,2242.2758,S,04739.7643,W,0.00,0;
04-09-17 10:45:47pm Got : imei:359710046027976,tracker,170904224546,,F,014543.000,A,2242.2758,S,04739.7643,W,0.00,0;
04-09-17 10:45:52pm Got : imei:359710046027976,tracker,170904224551,,F,014548.000,A,2242.2758,S,04739.7643,W,0.00,0;
04-09-17 10:45:57pm Got : imei:359710046027976,tracker,170904224556,,F,014553.000,A,2242.2758,S,04739.7643,W,0.00,0;
04-09-17 10:46:02pm Got : imei:359710046027976,tracker,170904224601,,F,014558.000,A,2242.2758,S,04739.7643,W,0.00,0;
04-09-17 10:46:07pm Got : imei:359710046027976,tracker,170904224606,,F,014603.000,A,2242.2758,S,04739.7643,W,0.00,0;359710046027976;
04-09-17 10:46:12pm Got : imei:359710046027976,tracker,170904224611,,F,014608.000,A,2242.2758,S,04739.7643,W,0.00,0;
04-09-17 10:46:17pm Got : imei:359710046027976,tracker,170904224616,,F,014613.000,A,2242.2758,S,04739.7643,W,0.00,0;
04-09-17 10:46:22pm Got : imei:359710046027976,tracker,170904224621,,F,014618.000,A,2242.2758,S,04739.7643,W,0.00,0;
04-09-17 10:46:27pm Got : imei:359710046027976,tracker,170904224626,,F,014623.000,A,2242.2758,S,04739.7643,W,0.00,0;
04-09-17 10:46:32pm Got : imei:359710046027976,tracker,170904224631,,F,014628.000,A,2242.2758,S,04739.7643,W,0.00,0;
04-09-17 10:46:37pm Got : imei:359710046027976,tracker,170904224636,,F,014633.000,A,2242.2758,S,04739.7643,W,0.00,0;
04-09-17 10:46:42pm Got : imei:359710046027976,tracker,170904224641,,F,014638.000,A,2242.2758,S,04739.7643,W,0.00,0;
04-09-17 10:46:47pm Got : imei:359710046027976,tracker,170904224646,,F,014643.000,A,2242.2758,S,04739.7643,W,0.00,0;
04-09-17 10:46:52pm Got : imei:359710046027976,tracker,170904224651,,F,014648.000,A,2242.2758,S,04739.7643,W,0.00,0;
04-09-17 10:46:57pm Got : imei:359710046027976,tracker,170904224656,,F,014654.000,A,2242.2758,S,04739.7643,W,0.00,0;
04-09-17 10:47:01pm Got : imei:359710046027976,tracker,170904224701,,F,014658.000,A,2242.2758,S,04739.7643,W,0.00,0;
04-09-17 10:47:07pm Got : imei:359710046027976,tracker,170904224706,,F,014703.000,A,2242.2758,S,04739.7643,W,0.00,0;
04-09-17 10:47:12pm Got : imei:359710046027976,tracker,170904224711,,F,014708.000,A,2242.2758,S,04739.7643,W,0.00,0;
04-09-17 10:47:17pm Got : imei:359710046027976,tracker,170904224716,,F,014714.000,A,2242.2758,S,04739.7643,W,0.00,0;
04-09-17 10:47:22pm Got : imei:359710046027976,tracker,170904224721,,F,014718.000,A,2242.2758,S,04739.7643,W,0.00,0;
04-09-17 10:47:30pm Got : imei:359710046027976,tracker,170904224726,,F,014723.000,A,2242.2758,S,04739.7643,W,0.00,0;
04-09-17 10:47:32pm Got : imei:359710046027976,tracker,170904224731,,F,014728.000,A,2242.2758,S,04739.7643,W,0.00,0;
04-09-17 10:47:37pm Got : imei:359710046027976,tracker,170904224736,,F,014734.000,A,2242.2758,S,04739.7643,W,0.00,0;
04-09-17 10:47:43pm Got : 359710046027976;
04-09-17 10:47:43pm Sent: ON
04-09-17 10:47:44pm Got : imei:359710046027976,tracker,170904224741,,F,014738.000,A,2242.2758,S,04739.7643,W,0.00,0;
04-09-17 10:47:47pm Got : imei:359710046027976,tracker,170904224746,,F,014743.000,A,2242.2758,S,04739.7643,W,0.00,0;
04-09-17 10:47:53pm Got : imei:359710046027976,tracker,170904224751,,F,014748.000,A,2242.2758,S,04739.7643,W,0.00,0;
04-09-17 10:47:58pm Got : imei:359710046027976,tracker,170904224756,,F,014754.000,A,2242.2758,S,04739.7643,W,0.00,0;
04-09-17 10:48:03pm Got : imei:359710046027976,tracker,170904224801,,F,014758.000,A,2242.2758,S,04739.7643,W,0.00,0;
04-09-17 10:48:08pm Got : imei:359710046027976,tracker,170904224806,,F,014803.000,A,2242.2758,S,04739.7643,W,0.00,0;
04-09-17 10:48:12pm Got : imei:359710046027976,tracker,170904224811,,F,014808.000,A,2242.2758,S,04739.7643,W,0.00,0;
04-09-17 10:48:18pm Got : imei:359710046027976,tracker,170904224816,,F,014814.000,A,2242.2758,S,04739.7643,W,0.00,0;
04-09-17 10:48:23pm Got : imei:359710046027976,tracker,170904224821,,F,014818.000,A,2242.2758,S,04739.7643,W,0.00,0;
04-09-17 10:48:27pm Got : imei:359710046027976,tracker,170904224826,,F,014823.000,A,2242.2758,S,04739.7643,W,0.00,0;
04-09-17 10:48:33pm Got : imei:359710046027976,tracker,170904224831,,F,014828.000,A,2242.2758,S,04739.7643,W,0.00,0;
04-09-17 10:48:38pm Got : imei:359710046027976,tracker,170904224836,,F,014834.000,A,2242.2758,S,04739.7643,W,0.00,0;
04-09-17 10:48:42pm Got : imei:359710046027976,tracker,170904224841,,F,014838.000,A,2242.2758,S,04739.7643,W,0.00,0;
04-09-17 10:48:48pm Got : imei:359710046027976,tracker,170904224846,,F,014843.000,A,2242.2758,S,04739.7643,W,0.00,0;
04-09-17 10:48:53pm Got : imei:359710046027976,tracker,170904224851,,F,014848.000,A,2242.2758,S,04739.7643,W,0.00,0;
04-09-17 10:49:00pm Got : imei:359710046027976,tracker,170904224856,,F,014854.000,A,2242.2758,S,04739.7643,W,0.00,0;
04-09-17 10:49:03pm Got : imei:359710046027976,tracker,170904224901,,F,014859.000,A,2242.2758,S,04739.7643,W,0.00,0;
04-09-17 10:49:08pm Got : imei:359710046027976,tracker,170904224906,,F,014903.000,A,2242.2758,S,04739.7643,W,0.00,0;359710046027976;
04-09-17 10:49:13pm Got : imei:359710046027976,tracker,170904224911,,F,014908.000,A,2242.2758,S,04739.7643,W,0.00,0;
04-09-17 10:49:18pm Got : imei:359710046027976,tracker,170904224916,,F,014914.000,A,2242.2758,S,04739.7643,W,0.00,0;
04-09-17 10:49:23pm Got : imei:359710046027976,tracker,170904224921,,F,014919.000,A,2242.2758,S,04739.7643,W,0.00,0;
04-09-17 10:49:28pm Got : imei:359710046027976,tracker,170904224926,,F,014923.000,A,2242.2758,S,04739.7643,W,0.00,0;
04-09-17 10:49:33pm Got : imei:359710046027976,tracker,170904224931,,F,014928.000,A,2242.2758,S,04739.7643,W,0.00,0;
04-09-17 10:49:38pm Got : imei:359710046027976,tracker,170904224936,,F,014934.000,A,2242.2758,S,04739.7643,W,0.00,0;
04-09-17 10:49:43pm Got : imei:359710046027976,tracker,170904224941,,F,014939.000,A,2242.2758,S,04739.7643,W,0.00,0;
04-09-17 10:49:47pm Got : imei:359710046027976,tracker,170904224946,,F,014943.000,A,2242.2758,S,04739.7643,W,0.00,0;
04-09-17 10:49:53pm Got : imei:359710046027976,tracker,170904224951,,F,014948.000,A,2242.2758,S,04739.7643,W,0.00,0;
04-09-17 10:49:57pm Got : imei:359710046027976,tracker,170904224956,,F,014954.000,A,2242.2758,S,04739.7643,W,0.00,0;
04-09-17 10:50:03pm Got : imei:359710046027976,tracker,170904225001,,F,014959.000,A,2242.2758,S,04739.7643,W,0.00,0;
04-09-17 10:50:10pm Got : imei:359710046027976,tracker,170904225006,,F,015003.000,A,2242.2758,S,04739.7643,W,0.00,0;
04-09-17 10:50:12pm Got : imei:359710046027976,tracker,170904225011,,F,015008.000,A,2242.2758,S,04739.7643,W,0.00,0;
04-09-17 10:50:18pm Got : imei:359710046027976,tracker,170904225016,,F,015014.000,A,2242.2758,S,04739.7643,W,0.00,0;
04-09-17 10:50:35pm Got : imei:359710046027976,tracker,170904225021,,F,015019.000,A,2242.2758,S,04739.7643,W,0.00,0;
04-09-17 10:50:38pm Got : imei:359710046027976,tracker,170904225026,,F,015023.000,A,2242.2758,S,04739.7643,W,0.00,0;imei:359710046027976,tracker,170904225031,,F,015028.000,A,2242.2758,S,04739.7643,W,0.00,0;
04-09-17 10:50:39pm Got : imei:359710046027976,tracker,170904225036,,F,015034.000,A,2242.2758,S,04739.7643,W,0.00,0;359710046027976;
04-09-17 10:50:43pm Got : imei:359710046027976,tracker,170904225041,,F,015039.000,A,2242.2758,S,04739.7643,W,0.00,0;
04-09-17 10:50:48pm Got : imei:359710046027976,tracker,170904225046,,F,015043.000,A,2242.2758,S,04739.7643,W,0.00,0;
04-09-17 10:50:52pm Got : imei:359710046027976,tracker,170904225051,,F,015048.000,A,2242.2758,S,04739.7643,W,0.00,0;
04-09-17 10:50:57pm Got : imei:359710046027976,tracker,170904225056,,F,015054.000,A,2242.2758,S,04739.7643,W,0.00,0;
04-09-17 10:51:03pm Got : imei:359710046027976,tracker,170904225101,,F,015059.000,A,2242.2758,S,04739.7643,W,0.00,0;
04-09-17 10:51:07pm Got : imei:359710046027976,tracker,170904225106,,F,015104.000,A,2242.2758,S,04739.7643,W,0.00,0;
04-09-17 10:51:13pm Got : imei:359710046027976,tracker,170904225111,,F,015108.000,A,2242.2758,S,04739.7643,W,0.00,0;
04-09-17 10:51:17pm Got : imei:359710046027976,tracker,170904225116,,F,015114.000,A,2242.2758,S,04739.7643,W,0.00,0;
04-09-17 10:51:23pm Got : imei:359710046027976,tracker,170904225121,,F,015119.000,A,2242.2758,S,04739.7643,W,0.00,0;
04-09-17 10:51:28pm Got : imei:359710046027976,tracker,170904225126,,F,015124.000,A,2242.2758,S,04739.7643,W,0.00,0;
04-09-17 10:51:32pm Got : imei:359710046027976,tracker,170904225131,,F,015128.000,A,2242.2758,S,04739.7643,W,0.00,0;
04-09-17 10:51:38pm Got : imei:359710046027976,tracker,170904225136,,F,015134.000,A,2242.2758,S,04739.7643,W,0.00,0;
04-09-17 10:51:43pm Got : imei:359710046027976,tracker,170904225141,,F,015139.000,A,2242.2758,S,04739.7643,W,0.00,0;
04-09-17 10:51:47pm Got : imei:359710046027976,tracker,170904225146,,F,015144.000,A,2242.2758,S,04739.7643,W,0.00,0;
04-09-17 10:51:52pm Got : imei:359710046027976,tracker,170904225151,,F,015148.000,A,2242.2758,S,04739.7643,W,0.00,0;
04-09-17 10:51:58pm Got : imei:359710046027976,tracker,170904225156,,F,015154.000,A,2242.2758,S,04739.7643,W,0.00,0;
04-09-17 10:52:02pm Got : imei:359710046027976,tracker,170904225201,,F,015159.000,A,2242.2758,S,04739.7643,W,0.00,0;
04-09-17 10:52:07pm Got : imei:359710046027976,tracker,170904225206,,F,015204.000,A,2242.2758,S,04739.7643,W,0.00,0;
Log Inicio
04-09-17 10:52:08pm Connection from 179.94.145.104:58624
04-09-17 10:52:08pm Got : ##,imei:359710046027976,A;
04-09-17 10:52:08pm Sent: LOAD
Comando de start: **,imei:359710046027976,C,5m imei: 359710046027976
04-09-17 10:52:11pm Got : imei:359710046027976,tracker,170904225211,,F,015208.000,A,2242.2758,S,04739.7643,W,0.00,0;
04-09-17 10:52:17pm Got : imei:359710046027976,tracker,170904225216,,F,015213.000,A,2242.2758,S,04739.7643,W,0.00,0;
04-09-17 10:52:22pm Got : imei:359710046027976,tracker,170904225221,,F,015218.000,A,2242.2758,S,04739.7643,W,0.00,0;
04-09-17 10:52:27pm Got : imei:359710046027976,tracker,170904225226,,F,015224.000,A,2242.2758,S,04739.7643,W,0.00,0;
04-09-17 10:52:32pm Got : imei:359710046027976,tracker,170904225231,,F,015228.000,A,2242.2758,S,04739.7643,W,0.00,0;
04-09-17 10:52:37pm Got : imei:359710046027976,tracker,170904225236,,F,015233.000,A,2242.2758,S,04739.7643,W,0.00,0;
04-09-17 10:52:42pm Got : imei:359710046027976,tracker,170904225241,,F,015238.000,A,2242.2758,S,04739.7643,W,0.00,0;
04-09-17 10:52:47pm Got : imei:359710046027976,tracker,170904225246,,F,015244.000,A,2242.2758,S,04739.7643,W,0.00,0;
04-09-17 10:52:52pm Got : imei:359710046027976,tracker,170904225251,,F,015248.000,A,2242.2758,S,04739.7643,W,0.00,0;
04-09-17 10:52:57pm Got : imei:359710046027976,tracker,170904225256,,F,015253.000,A,2242.2758,S,04739.7643,W,0.00,0;
04-09-17 10:53:03pm Got : imei:359710046027976,tracker,170904225301,,F,015258.000,A,2242.2758,S,04739.7643,W,0.00,0;
04-09-17 10:53:08pm Got : imei:359710046027976,tracker,170904225306,,F,015304.000,A,2242.2758,S,04739.7643,W,0.00,0;
04-09-17 10:53:13pm Got : imei:359710046027976,tracker,170904225311,,F,015309.000,A,2242.2758,S,04739.7643,W,0.00,0;
04-09-17 10:53:18pm Got : imei:359710046027976,tracker,170904225316,,F,015313.000,A,2242.2758,S,04739.7643,W,0.00,0;
04-09-17 10:53:24pm Got : imei:359710046027976,tracker,170904225321,,F,015318.000,A,2242.2758,S,04739.7643,W,0.00,0;
04-09-17 10:53:28pm Got : imei:359710046027976,tracker,170904225326,,F,015324.000,A,2242.2758,S,04739.7643,W,0.00,0;
04-09-17 10:53:33pm Got : imei:359710046027976,tracker,170904225331,,F,015329.000,A,2242.2758,S,04739.7643,W,0.00,0;
04-09-17 10:53:38pm Got : imei:359710046027976,tracker,170904225336,,F,015333.000,A,2242.2758,S,04739.7643,W,0.00,0;
04-09-17 10:53:39pm Got : 359710046027976;
04-09-17 10:53:39pm Sent: ON
04-09-17 10:53:43pm Got : imei:359710046027976,tracker,170904225341,,F,015338.000,A,2242.2758,S,04739.7643,W,0.00,0;
04-09-17 10:53:51pm Got : imei:359710046027976,tracker,170904225346,,F,015344.000,A,2242.2758,S,04739.7643,W,0.00,0;
04-09-17 10:53:53pm Got : imei:359710046027976,tracker,170904225351,,F,015349.000,A,2242.2758,S,04739.7643,W,0.00,0;
04-09-17 10:53:58pm Got : imei:359710046027976,tracker,170904225356,,F,015353.000,A,2242.2758,S,04739.7643,W,0.00,0;
04-09-17 10:54:03pm Got : imei:359710046027976,tracker,170904225401,,F,015358.000,A,2242.2758,S,04739.7643,W,0.00,0;
04-09-17 10:54:08pm Got : imei:359710046027976,tracker,170904225406,,F,015404.000,A,2242.2758,S,04739.7643,W,0.00,0;
04-09-17 10:54:08pm Connection to 179.94.145.104:53998 closed
04-09-17 10:54:10pm Connection to 179.94.145.104:58624 closed
Log Inicio
04-09-17 10:54:13pm Connection from 179.94.145.104:62595
04-09-17 10:54:13pm Got : ##,imei:359710046027976,A;
04-09-17 10:54:13pm Sent: LOAD
Comando de start: **,imei:359710046027976,C,5m imei: 359710046027976
04-09-17 10:54:18pm Got : imei:359710046027976,tracker,170904225416,,F,015413.000,A,2242.2758,S,04739.7643,W,0.00,0;imei:359710046027976,tracker,170904225416,,F,015414.000,A,2242.2758,S,04739.7643,W,0.00,0;
04-09-17 10:54:23pm Got : imei:359710046027976,tracker,170904225421,,F,015419.000,A,2242.2758,S,04739.7643,W,0.00,0;
04-09-17 10:54:28pm Got : imei:359710046027976,tracker,170904225426,,F,015424.000,A,2242.2758,S,04739.7643,W,0.00,0;
04-09-17 10:54:33pm Got : imei:359710046027976,tracker,170904225431,,F,015429.000,A,2242.2758,S,04739.7643,W,0.00,0;
04-09-17 10:54:38pm Got : imei:359710046027976,tracker,170904225436,,F,015434.000,A,2242.2758,S,04739.7643,W,0.00,0;
04-09-17 10:54:43pm Got : imei:359710046027976,tracker,170904225441,,F,015439.000,A,2242.2758,S,04739.7643,W,0.00,0;
04-09-17 10:54:48pm Got : imei:359710046027976,tracker,170904225446,,F,015444.000,A,2242.2758,S,04739.7643,W,0.00,0;
04-09-17 10:54:53pm Got : imei:359710046027976,tracker,170904225451,,F,015449.000,A,2242.2758,S,04739.7643,W,0.00,0;
04-09-17 10:54:58pm Got : imei:359710046027976,tracker,170904225456,,F,015454.000,A,2242.2758,S,04739.7643,W,0.00,0;
04-09-17 10:55:03pm Got : imei:359710046027976,tracker,170904225501,,F,015459.000,A,2242.2758,S,04739.7643,W,0.00,0;
04-09-17 10:55:08pm Got : imei:359710046027976,tracker,170904225506,,F,015504.000,A,2242.2841,S,04739.7715,W,0.00,0;
04-09-17 10:55:13pm Got : imei:359710046027976,tracker,170904225511,,F,015509.000,A,2242.2841,S,04739.7715,W,0.00,0;
04-09-17 10:55:18pm Got : imei:359710046027976,tracker,170904225516,,F,015514.000,A,2242.2841,S,04739.7715,W,0.00,0;
04-09-17 10:55:23pm Got : imei:359710046027976,tracker,170904225521,,F,015519.000,A,2242.2841,S,04739.7715,W,0.00,0;
04-09-17 10:55:28pm Got : imei:359710046027976,tracker,170904225526,,F,015524.000,A,2242.2841,S,04739.7715,W,0.00,0;
04-09-17 10:55:33pm Got : imei:359710046027976,tracker,170904225531,,F,015529.000,A,2242.2841,S,04739.7715,W,0.00,0;
04-09-17 10:55:38pm Got : imei:359710046027976,tracker,170904225536,,F,015534.000,A,2242.2841,S,04739.7715,W,0.00,0;
04-09-17 10:55:44pm Got : imei:359710046027976,tracker,170904225541,,F,015539.000,A,2242.2841,S,04739.7715,W,0.00,0;
04-09-17 10:55:45pm Got : 359710046027976;
04-09-17 10:55:45pm Sent: ON
04-09-17 10:55:47pm Got : imei:359710046027976,tracker,170904225546,,F,015544.000,A,2242.2841,S,04739.7715,W,0.00,0;
04-09-17 10:55:53pm Got : imei:359710046027976,tracker,170904225551,,F,015549.000,A,2242.2841,S,04739.7715,W,0.00,0;
04-09-17 10:55:58pm Got : imei:359710046027976,tracker,170904225556,,F,015554.000,A,2242.2841,S,04739.7715,W,0.00,0;
04-09-17 10:56:03pm Got : imei:359710046027976,tracker,170904225601,,F,015559.000,A,2242.2841,S,04739.7715,W,0.00,0;
04-09-17 10:56:09pm Got : imei:359710046027976,tracker,170904225606,,F,015604.000,A,2242.2841,S,04739.7715,W,0.00,0;
04-09-17 10:56:13pm Got : imei:359710046027976,tracker,170904225611,,F,015609.000,A,2242.2841,S,04739.7715,W,0.00,0;
04-09-17 10:56:18pm Got : imei:359710046027976,tracker,170904225616,,F,015614.000,A,2242.2841,S,04739.7715,W,0.00,0;
04-09-17 10:56:23pm Got : imei:359710046027976,tracker,170904225621,,F,015619.000,A,2242.2841,S,04739.7715,W,0.00,0;
04-09-17 10:56:28pm Got : imei:359710046027976,tracker,170904225626,,F,015624.000,A,2242.2841,S,04739.7715,W,0.00,0;
04-09-17 10:56:33pm Got : imei:359710046027976,tracker,170904225631,,F,015629.000,A,2242.2841,S,04739.7715,W,0.00,0;
04-09-17 10:56:38pm Got : imei:359710046027976,tracker,170904225636,,F,015634.000,A,2242.2841,S,04739.7715,W,0.00,0;
04-09-17 10:56:43pm Got : imei:359710046027976,tracker,170904225641,,F,015639.000,A,2242.2841,S,04739.7715,W,0.00,0;
04-09-17 10:56:48pm Got : imei:359710046027976,tracker,170904225646,,F,015644.000,A,2242.2841,S,04739.7715,W,0.00,0;
04-09-17 10:56:53pm Got : imei:359710046027976,tracker,170904225651,,F,015649.000,A,2242.2841,S,04739.7715,W,0.00,0;
04-09-17 10:56:58pm Got : imei:359710046027976,tracker,170904225656,,F,015654.000,A,2242.2841,S,04739.7715,W,0.00,0;
04-09-17 10:57:03pm Got : imei:359710046027976,tracker,170904225701,,F,015659.000,A,2242.2841,S,04739.7715,W,0.00,0;
04-09-17 10:57:08pm Got : imei:359710046027976,tracker,170904225706,,F,015704.000,A,2242.2841,S,04739.7715,W,0.00,0;
04-09-17 10:57:13pm Got : 359710046027976;
04-09-17 10:57:13pm Sent: ON
04-09-17 10:57:14pm Got : imei:359710046027976,tracker,170904225711,,F,015709.000,A,2242.2841,S,04739.7715,W,0.00,0;
04-09-17 10:57:18pm Got : imei:359710046027976,tracker,170904225716,,F,015714.000,A,2242.2841,S,04739.7715,W,0.00,0;
04-09-17 10:57:23pm Got : imei:359710046027976,tracker,170904225721,,F,015719.000,A,2242.2841,S,04739.7715,W,0.00,0;
04-09-17 10:57:28pm Got : imei:359710046027976,tracker,170904225726,,F,015724.000,A,2242.2841,S,04739.7715,W,0.00,0;
04-09-17 10:57:33pm Got : imei:359710046027976,tracker,170904225731,,F,015729.000,A,2242.2841,S,04739.7715,W,0.00,0;
04-09-17 10:57:38pm Got : imei:359710046027976,tracker,170904225736,,F,015734.000,A,2242.2841,S,04739.7715,W,0.00,0;
04-09-17 10:57:43pm Got : imei:359710046027976,tracker,170904225741,,F,015739.000,A,2242.2841,S,04739.7715,W,0.00,0;
04-09-17 10:57:48pm Got : imei:359710046027976,tracker,170904225746,,F,015744.000,A,2242.2841,S,04739.7715,W,0.00,0;
04-09-17 10:57:53pm Got : imei:359710046027976,tracker,170904225751,,F,015749.000,A,2242.2841,S,04739.7715,W,0.00,0;
04-09-17 10:57:58pm Got : imei:359710046027976,tracker,170904225756,,F,015754.000,A,2242.2841,S,04739.7715,W,0.00,0;
04-09-17 10:58:03pm Got : imei:359710046027976,tracker,170904225801,,F,015759.000,A,2242.2841,S,04739.7715,W,0.00,0;
04-09-17 10:58:20pm Got : imei:359710046027976,tracker,170904225806,,F,015804.000,A,2242.2841,S,04739.7715,W,0.00,0;
04-09-17 10:58:21pm Got : imei:359710046027976,tracker,170904225811,,F,015809.000,A,2242.2841,S,04739.7715,W,0.00,0;
04-09-17 10:58:24pm Got : imei:359710046027976,tracker,170904225816,,F,015814.000,A,2242.2841,S,04739.7715,W,0.00,0;imei:359710046027976,tracker,170904225821,,F,015819.000,A,2242.2841,S,04739.7715,W,0.00,0;
04-09-17 10:58:28pm Got : imei:359710046027976,tracker,170904225826,,F,015824.000,A,2242.2841,S,04739.7715,W,0.00,0;
04-09-17 10:58:33pm Got : imei:359710046027976,tracker,170904225831,,F,015829.000,A,2242.2841,S,04739.7715,W,0.00,0;
04-09-17 10:58:48pm Got : imei:359710046027976,tracker,170904225836,,F,015834.000,A,2242.2841,S,04739.7715,W,0.00,0;
04-09-17 10:58:49pm Got : 359710046027976;imei:359710046027976,tracker,170904225841,,F,015839.000,A,2242.2841,S,04739.7715,W,0.00,0;imei:359710046027976,tracker,170904225846,,F,015844.000,A,2242.2841,S,04739.7715,W,0.00,0;
04-09-17 10:58:53pm Got : imei:359710046027976,tracker,170904225851,,F,015849.000,A,2242.2841,S,04739.7715,W,0.00,0;
04-09-17 10:58:58pm Got : imei:359710046027976,tracker,170904225856,,F,015854.000,A,2242.2841,S,04739.7715,W,0.00,0;
04-09-17 10:59:02pm Got : imei:359710046027976,tracker,170904225901,,F,015859.000,A,2242.2841,S,04739.7715,W,0.00,0;
04-09-17 10:59:08pm Got : imei:359710046027976,tracker,170904225906,,F,015904.000,A,2242.2841,S,04739.7715,W,0.00,0;
04-09-17 10:59:15pm Got : imei:359710046027976,tracker,170904225911,,F,015909.000,A,2242.2841,S,04739.7715,W,0.00,0;
04-09-17 10:59:17pm Got : imei:359710046027976,tracker,170904225916,,F,015914.000,A,2242.2841,S,04739.7715,W,0.00,0;
04-09-17 10:59:22pm Got : imei:359710046027976,tracker,170904225921,,F,015919.000,A,2242.2841,S,04739.7715,W,0.00,0;
04-09-17 10:59:28pm Got : imei:359710046027976,tracker,170904225926,,F,015924.000,A,2242.2841,S,04739.7715,W,0.00,0;
04-09-17 10:59:33pm Got : imei:359710046027976,tracker,170904225931,,F,015929.000,A,2242.2841,S,04739.7715,W,0.00,0;
04-09-17 10:59:37pm Got : imei:359710046027976,tracker,170904225936,,F,015934.000,A,2242.2841,S,04739.7715,W,0.00,0;
04-09-17 10:59:42pm Got : imei:359710046027976,tracker,170904225941,,F,015939.000,A,2242.2841,S,04739.7715,W,0.00,0;
04-09-17 10:59:48pm Got : imei:359710046027976,tracker,170904225946,,F,015944.000,A,2242.2841,S,04739.7715,W,0.00,0;
04-09-17 10:59:52pm Got : imei:359710046027976,tracker,170904225951,,F,015949.000,A,2242.2841,S,04739.7715,W,0.00,0;
04-09-17 10:59:58pm Got : imei:359710046027976,tracker,170904225956,,F,015954.000,A,2242.2841,S,04739.7715,W,0.00,0;
04-09-17 11:00:03pm Got : imei:359710046027976,tracker,170904230001,,F,015959.000,A,2242.2841,S,04739.7715,W,0.00,0;
04-09-17 11:00:08pm Got : imei:359710046027976,tracker,170904230006,,F,020004.000,A,2242.2841,S,04739.7715,W,0.00,0;
04-09-17 11:00:12pm Got : 359710046027976;
04-09-17 11:00:12pm Sent: ON
04-09-17 11:00:13pm Got : imei:359710046027976,tracker,170904230011,,F,020009.000,A,2242.2841,S,04739.7715,W,0.00,0;
04-09-17 11:00:18pm Got : imei:359710046027976,tracker,170904230016,,F,020014.000,A,2242.2841,S,04739.7715,W,0.00,0;
04-09-17 11:00:23pm Got : imei:359710046027976,tracker,170904230021,,F,020019.000,A,2242.2841,S,04739.7715,W,0.00,0;
04-09-17 11:00:27pm Got : imei:359710046027976,tracker,170904230026,,F,020024.000,A,2242.2841,S,04739.7715,W,0.00,0;
04-09-17 11:00:32pm Got : imei:359710046027976,tracker,170904230031,,F,020029.000,A,2242.2841,S,04739.7715,W,0.00,0;
04-09-17 11:00:38pm Got : imei:359710046027976,tracker,170904230036,,F,020034.000,A,2242.2841,S,04739.7715,W,0.00,0;
04-09-17 11:00:43pm Got : imei:359710046027976,tracker,170904230041,,F,020039.000,A,2242.2841,S,04739.7715,W,0.00,0;
04-09-17 11:00:47pm Got : imei:359710046027976,tracker,170904230046,,F,020044.000,A,2242.2841,S,04739.7715,W,0.00,0;
04-09-17 11:00:52pm Got : imei:359710046027976,tracker,170904230051,,F,020049.000,A,2242.2841,S,04739.7715,W,0.00,0;
04-09-17 11:00:58pm Got : imei:359710046027976,tracker,170904230056,,F,020054.000,A,2242.2841,S,04739.7715,W,0.00,0;
04-09-17 11:01:02pm Got : imei:359710046027976,tracker,170904230101,,F,020059.000,A,2242.2841,S,04739.7715,W,0.00,0;
04-09-17 11:01:08pm Got : imei:359710046027976,tracker,170904230106,,F,020104.000,A,2242.2841,S,04739.7715,W,0.00,0;
04-09-17 11:01:12pm Got : imei:359710046027976,tracker,170904230111,,F,020109.000,A,2242.2841,S,04739.7715,W,0.00,0;
04-09-17 11:01:18pm Got : imei:359710046027976,tracker,170904230116,,F,020114.000,A,2242.2841,S,04739.7715,W,0.00,0;
04-09-17 11:01:23pm Got : imei:359710046027976,tracker,170904230121,,F,020119.000,A,2242.2841,S,04739.7715,W,0.00,0;
04-09-17 11:01:27pm Got : imei:359710046027976,tracker,170904230126,,F,020124.000,A,2242.2841,S,04739.7715,W,0.00,0;
04-09-17 11:01:32pm Got : imei:359710046027976,tracker,170904230131,,F,020129.000,A,2242.2841,S,04739.7715,W,0.00,0;
04-09-17 11:01:37pm Got : imei:359710046027976,tracker,170904230136,,F,020134.000,A,2242.2841,S,04739.7715,W,0.00,0;
04-09-17 11:01:42pm Got : 359710046027976;
04-09-17 11:01:42pm Sent: ON
04-09-17 11:01:43pm Got : imei:359710046027976,tracker,170904230141,,F,020139.000,A,2242.2841,S,04739.7715,W,0.00,0;
04-09-17 11:01:47pm Got : imei:359710046027976,tracker,170904230146,,F,020144.000,A,2242.2841,S,04739.7715,W,0.00,0;
04-09-17 11:01:53pm Got : imei:359710046027976,tracker,170904230151,,F,020149.000,A,2242.2841,S,04739.7715,W,0.00,0;
04-09-17 11:01:57pm Got : imei:359710046027976,tracker,170904230156,,F,020154.000,A,2242.2841,S,04739.7715,W,0.00,0;
04-09-17 11:02:02pm Got : imei:359710046027976,tracker,170904230201,,F,020159.000,A,2242.2841,S,04739.7715,W,0.00,0;
04-09-17 11:02:08pm Got : imei:359710046027976,tracker,170904230206,,F,020204.000,A,2242.2841,S,04739.7715,W,0.00,0;
04-09-17 11:02:13pm Got : imei:359710046027976,tracker,170904230211,,F,020209.000,A,2242.2841,S,04739.7715,W,0.00,0;
04-09-17 11:02:17pm Got : imei:359710046027976,tracker,170904230216,,F,020214.000,A,2242.2841,S,04739.7715,W,0.00,0;
04-09-17 11:02:23pm Got : imei:359710046027976,tracker,170904230221,,F,020219.000,A,2242.2841,S,04739.7715,W,0.00,0;
04-09-17 11:02:27pm Got : imei:359710046027976,tracker,170904230226,,F,020224.000,A,2242.2841,S,04739.7715,W,0.00,0;
04-09-17 11:02:33pm Got : imei:359710046027976,tracker,170904230231,,F,020229.000,A,2242.2841,S,04739.7715,W,0.00,0;
04-09-17 11:02:38pm Got : imei:359710046027976,tracker,170904230236,,F,020234.000,A,2242.2841,S,04739.7715,W,0.00,0;
04-09-17 11:02:43pm Got : imei:359710046027976,tracker,170904230241,,F,020239.000,A,2242.2841,S,04739.7715,W,0.00,0;
04-09-17 11:02:47pm Got : imei:359710046027976,tracker,170904230246,,F,020244.000,A,2242.2841,S,04739.7715,W,0.00,0;
04-09-17 11:02:52pm Got : imei:359710046027976,tracker,170904230251,,F,020249.000,A,2242.2841,S,04739.7715,W,0.00,0;
04-09-17 11:02:58pm Got : imei:359710046027976,tracker,170904230256,,F,020254.000,A,2242.2841,S,04739.7715,W,0.00,0;
04-09-17 11:03:02pm Got : imei:359710046027976,tracker,170904230301,,F,020259.000,A,2242.2841,S,04739.7715,W,0.00,0;
04-09-17 11:03:08pm Got : imei:359710046027976,tracker,170904230306,,F,020304.000,A,2242.2841,S,04739.7715,W,0.00,0;
04-09-17 11:03:18pm Got : 359710046027976;imei:359710046027976,tracker,170904230311,,F,020309.000,A,2242.2841,S,04739.7715,W,0.00,0;
04-09-17 11:03:19pm Got : imei:359710046027976,tracker,170904230316,,F,020314.000,A,2242.2841,S,04739.7715,W,0.00,0;
04-09-17 11:03:24pm Got : imei:359710046027976,tracker,170904230321,,F,020319.000,A,2242.2841,S,04739.7715,W,0.00,0;
04-09-17 11:03:29pm Got : imei:359710046027976,tracker,170904230326,,F,020324.000,A,2242.2841,S,04739.7715,W,0.00,0;
04-09-17 11:03:34pm Got : imei:359710046027976,tracker,170904230331,,F,020329.000,A,2242.2841,S,04739.7715,W,0.00,0;
04-09-17 11:03:39pm Got : imei:359710046027976,tracker,170904230336,,F,020334.000,A,2242.2841,S,04739.7715,W,0.00,0;
04-09-17 11:03:44pm Got : imei:359710046027976,tracker,170904230341,,F,020339.000,A,2242.2841,S,04739.7715,W,0.00,0;
04-09-17 11:03:48pm Got : imei:359710046027976,tracker,170904230346,,F,020344.000,A,2242.2841,S,04739.7715,W,0.00,0;
04-09-17 11:03:54pm Got : imei:359710046027976,tracker,170904230351,,F,020349.000,A,2242.2841,S,04739.7715,W,0.00,0;
04-09-17 11:03:59pm Got : imei:359710046027976,tracker,170904230356,,F,020354.000,A,2242.2841,S,04739.7715,W,0.00,0;
04-09-17 11:04:04pm Got : imei:359710046027976,tracker,170904230401,,F,020359.000,A,2242.2841,S,04739.7715,W,0.00,0;
04-09-17 11:06:05pm Connection to 179.94.145.104:62595 closed
